<?xml version="1.0" encoding="UTF-8"?>
<beans xmlns="http://www.springframework.org/schema/beans"
       xmlns:xsi="http://www.w3.org/2001/XMLSchema-instance"
       xsi:schemaLocation="
         http://www.springframework.org/schema/beans http://www.springframework.org/schema/beans/spring-beans.xsd
         http://camel.apache.org/schema/spring http://camel.apache.org/schema/spring/camel-spring.xsd
         http://activemq.apache.org/schema/core http://activemq.apache.org/schema/core/activemq-core.xsd">



    <!-- This creates an embedded ActiveMQ Broker -->

    <broker xmlns="http://activemq.apache.org/schema/core" useJmx="true" persistent="false"
            brokerName="myBroker" id="broker">
        <transportConnectors>
            <transportConnector uri="vm://myBroker"/>
        </transportConnectors>
    </broker>
    <bean id="mailSender" class="org.springframework.mail.javamail.JavaMailSenderImpl">
        <property name="host" value="localhost"/>
        <property name="port" value="500"/>
        <property name="username" value="javasendertest@gmail.com"/>
        <property name="password" value="ldbtyo946fyfh"/>
    </bean>
    <bean id="velocityEngine"
          class="org.springframework.ui.velocity.VelocityEngineFactoryBean">
        <property name="velocityProperties">
            <props>
                <prop key="resource.loader">class</prop>
                <prop key="class.resource.loader.class">
                    org.apache.velocity.runtime.resource.loader.ClasspathResourceLoader
                </prop>
            </props>
        </property>
    </bean>

    <bean id="httpRequestExecutor" class="com.softserveinc.ita.service.impl.HttpRequestExecutorRestImpl">
        <constructor-arg name="baseUrl" value="http://localhost:8080"/>
    </bean>

    <bean id="queueManager" class="com.softserveinc.ita.service.impl.QueueManagerServiceImpl"/>

    <bean id="activemq" class="org.apache.activemq.camel.component.ActiveMQComponent">
        <property name="brokerURL" value="vm://myBroker"/>
    </bean>

    <camelContext xmlns="http://camel.apache.org/schema/spring" depends-on="broker"/>
</beans>